<?xml version="1.0" encoding="UTF-8"?>
<testsuite xmlns:xsi="http://www.w3.org/2001/XMLSchema-instance" xsi:noNamespaceSchemaLocation="https://maven.apache.org/surefire/maven-surefire-plugin/xsd/surefire-test-report.xsd" name="com.volunteer.uapply.UapplyApplicationTests" time="13.264" tests="4" errors="0" skipped="0" failures="0">
  <properties>
[...]
</properties>
  <testcase name="testBuilderControllersApi" classname="com.volunteer.uapply.UapplyApplicationTests" time="4.986"/>
  <testcase name="MessageTest" classname="com.volunteer.uapply.UapplyApplicationTests" time="0.005"/>
  <testcase name="ApiBuild" classname="com.volunteer.uapply.UapplyApplicationTests" time="1.081"/>
  <testcase name="contextLoads" classname="com.volunteer.uapply.UapplyApplicationTests" time="0.004"/>
</testsuite>